Performing C++ SOURCE FILE Test CMAKE_HAVE_LIBC_PTHREAD failed with the following output:
Change Dir: /home/ec2-user/projects/NN-CUDA-Example/build/CMakeFiles/CMakeTmp

Run Build Command(s):/usr/bin/gmake -f Makefile cmTC_d0b93/fast && /usr/bin/gmake  -f CMakeFiles/cmTC_d0b93.dir/build.make CMakeFiles/cmTC_d0b93.dir/build
gmake[1]: Entering directory `/home/ec2-user/projects/NN-CUDA-Example/build/CMakeFiles/CMakeTmp'
Building CXX object CMakeFiles/cmTC_d0b93.dir/src.cxx.o
/usr/bin/c++ -DCMAKE_HAVE_LIBC_PTHREAD   -o CMakeFiles/cmTC_d0b93.dir/src.cxx.o -c /home/ec2-user/projects/NN-CUDA-Example/build/CMakeFiles/CMakeTmp/src.cxx
Linking CXX executable cmTC_d0b93
/usr/local/lib64/python3.7/site-packages/cmake/data/bin/cmake -E cmake_link_script CMakeFiles/cmTC_d0b93.dir/link.txt --verbose=1
/usr/bin/c++ -rdynamic CMakeFiles/cmTC_d0b93.dir/src.cxx.o -o cmTC_d0b93 
CMakeFiles/cmTC_d0b93.dir/src.cxx.o: In function `main':
src.cxx:(.text+0x2d): undefined reference to `pthread_create'
src.cxx:(.text+0x39): undefined reference to `pthread_detach'
src.cxx:(.text+0x45): undefined reference to `pthread_cancel'
src.cxx:(.text+0x56): undefined reference to `pthread_join'
collect2: error: ld returned 1 exit status
gmake[1]: *** [cmTC_d0b93] Error 1
gmake[1]: Leaving directory `/home/ec2-user/projects/NN-CUDA-Example/build/CMakeFiles/CMakeTmp'
gmake: *** [cmTC_d0b93/fast] Error 2


Source file was:
#include <pthread.h>

static void* test_func(void* data)
{
  return data;
}

int main(void)
{
  pthread_t thread;
  pthread_create(&thread, NULL, test_func, NULL);
  pthread_detach(thread);
  pthread_cancel(thread);
  pthread_join(thread, NULL);
  pthread_atfork(NULL, NULL, NULL);
  pthread_exit(NULL);

  return 0;
}

Determining if the function pthread_create exists in the pthreads failed with the following output:
Change Dir: /home/ec2-user/projects/NN-CUDA-Example/build/CMakeFiles/CMakeTmp

Run Build Command(s):/usr/bin/gmake -f Makefile cmTC_b6f9e/fast && /usr/bin/gmake  -f CMakeFiles/cmTC_b6f9e.dir/build.make CMakeFiles/cmTC_b6f9e.dir/build
gmake[1]: Entering directory `/home/ec2-user/projects/NN-CUDA-Example/build/CMakeFiles/CMakeTmp'
Building CXX object CMakeFiles/cmTC_b6f9e.dir/CheckFunctionExists.cxx.o
/usr/bin/c++   -DCHECK_FUNCTION_EXISTS=pthread_create -o CMakeFiles/cmTC_b6f9e.dir/CheckFunctionExists.cxx.o -c /home/ec2-user/projects/NN-CUDA-Example/build/CMakeFiles/CheckLibraryExists/CheckFunctionExists.cxx
Linking CXX executable cmTC_b6f9e
/usr/local/lib64/python3.7/site-packages/cmake/data/bin/cmake -E cmake_link_script CMakeFiles/cmTC_b6f9e.dir/link.txt --verbose=1
/usr/bin/c++  -DCHECK_FUNCTION_EXISTS=pthread_create -rdynamic CMakeFiles/cmTC_b6f9e.dir/CheckFunctionExists.cxx.o -o cmTC_b6f9e  -lpthreads 
/usr/bin/ld: cannot find -lpthreads
collect2: error: ld returned 1 exit status
gmake[1]: *** [cmTC_b6f9e] Error 1
gmake[1]: Leaving directory `/home/ec2-user/projects/NN-CUDA-Example/build/CMakeFiles/CMakeTmp'
gmake: *** [cmTC_b6f9e/fast] Error 2



